Removed Pin From Net: NetName=-5V Pin=C3-2
Removed Pin From Net: NetName=-5V Pin=C4-2
Removed Pin From Net: NetName=+5V Pin=C5-1
Removed Pin From Net: NetName=GND Pin=C5-2
Removed Pin From Net: NetName=GND Pin=C10-1
Removed Pin From Net: NetName=GND Pin=C12-1
Removed Pin From Net: NetName=GND Pin=C13-1
Removed Pin From Net: NetName=GND Pin=C14-1
Removed Pin From Net: NetName=GND Pin=C15-1
Removed Pin From Net: NetName=+5V Pin=C15-2
Removed Pin From Net: NetName=GND Pin=C16-2
Removed Pin From Net: NetName=GND Pin=C17-1
Removed Pin From Net: NetName=GND Pin=C18-1
Removed Pin From Net: NetName=GND Pin=C19-1
Removed Pin From Net: NetName=-5V Pin=C19-2
Removed Pin From Net: NetName=GND Pin=C20-1
Removed Pin From Net: NetName=GND Pin=C22-1
Removed Pin From Net: NetName=GND Pin=D1-2
Removed Pin From Net: NetName=GND Pin=DS1-2
Removed Pin From Net: NetName=GND Pin=DS2-1
Removed Pin From Net: NetName=GND Pin=P1-1
Removed Pin From Net: NetName=GND Pin=P1-3
Removed Pin From Net: NetName=-5V Pin=P2-1
Removed Pin From Net: NetName=+5V Pin=P2-3
Removed Pin From Net: NetName=NetC9_1 Pin=R1-2
Removed Pin From Net: NetName=NetJ1_1 Pin=R2-1
Removed Pin From Net: NetName=NetC9_1 Pin=R3-1
Removed Pin From Net: NetName=GND Pin=R4-1
Removed Pin From Net: NetName=NetJ1_1 Pin=R4-2
Removed Pin From Net: NetName=+5V Pin=R5-1
Removed Pin From Net: NetName=+5V Pin=R6-1
Removed Pin From Net: NetName=GND Pin=R7-2
Removed Pin From Net: NetName=-5V Pin=R8-1
Removed Pin From Net: NetName=-5V Pin=R9-1
Removed Pin From Net: NetName=GND Pin=R10-2
Removed Pin From Net: NetName=NetC9_1 Pin=U1-1
Removed Pin From Net: NetName=-5V Pin=U1-2
Removed Pin From Net: NetName=+5V Pin=U1-5
Removed Pin From Net: NetName=GND Pin=U2-3
Removed Pin From Net: NetName=GND Pin=U2-6
Removed Pin From Net: NetName=+5V Pin=U3-2
Removed Pin From Net: NetName=-5V Pin=U4-3
Removed Member From Class: ClassName=pulsePreamplifier Member=C10
Removed Member From Class: ClassName=pulsePreamplifier Member=C11
Removed Member From Class: ClassName=pulsePreamplifier Member=C12
Removed Member From Class: ClassName=pulsePreamplifier Member=C13
Removed Member From Class: ClassName=pulsePreamplifier Member=C14
Removed Member From Class: ClassName=pulsePreamplifier Member=C15
Removed Member From Class: ClassName=pulsePreamplifier Member=C16
Removed Member From Class: ClassName=pulsePreamplifier Member=C17
Removed Member From Class: ClassName=pulsePreamplifier Member=C18
Removed Member From Class: ClassName=pulsePreamplifier Member=C19
Removed Member From Class: ClassName=pulsePreamplifier Member=C20
Removed Member From Class: ClassName=pulsePreamplifier Member=C21
Removed Member From Class: ClassName=pulsePreamplifier Member=C22
Removed Member From Class: ClassName=pulsePreamplifier Member=DS1
Removed Member From Class: ClassName=pulsePreamplifier Member=DS2
Removed Member From Class: ClassName=pulsePreamplifier Member=F1
Removed Member From Class: ClassName=pulsePreamplifier Member=L1
Removed Member From Class: ClassName=pulsePreamplifier Member=L2
Removed Member From Class: ClassName=pulsePreamplifier Member=P1
Removed Member From Class: ClassName=pulsePreamplifier Member=R4
Removed Member From Class: ClassName=pulsePreamplifier Member=R5
Removed Member From Class: ClassName=pulsePreamplifier Member=R6
Removed Member From Class: ClassName=pulsePreamplifier Member=R7
Removed Member From Class: ClassName=pulsePreamplifier Member=R8
Removed Member From Class: ClassName=pulsePreamplifier Member=R9
Removed Member From Class: ClassName=pulsePreamplifier Member=R10
Removed Member From Class: ClassName=pulsePreamplifier Member=U2
Removed Member From Class: ClassName=pulsePreamplifier Member=U3
Removed Member From Class: ClassName=pulsePreamplifier Member=U4
Change Component Footprint: Designator=C1 Old Footprint=CAPC0603(1608)100_N New Footprint=CAPC1206(3216)130_L
Change Component Footprint: Designator=C2 Old Footprint=CAPC0603(1608)100_N New Footprint=CAPC1206(3216)130_L
Change Component Footprint: Designator=C5 Old Footprint=PNSC-ECA-1HM470 New Footprint=CAPC1206(3216)130_L
Change Component Footprint: Designator=C6 Old Footprint=PNSC-ECA-1HM470 New Footprint=CAPC1206(3216)130_L
Change Component Footprint: Designator=R3 Old Footprint=RESC0603(1608)_L New Footprint=RESC0603(1608)_N
Change Component Footprint: Designator=R1 Old Footprint=RESC0603(1608)_N New Footprint=RESC0805(2012)_L
Change Component Footprint: Designator=U1 Old Footprint=TI-DBV5_L New Footprint=LT-N8-8
Change Component Comment : Designator=C2 Old Comment=1uF New Comment=10uF
Change Component Comment : Designator=R2 Old Comment=100 New Comment=100k
Change Component Comment : Designator=R3 Old Comment=100 New Comment=100k
Change Component Comment : Designator=C1 Old Comment=100nF New Comment=10uF
Change Component Comment : Designator=C5 Old Comment=ECA-1HM470 New Comment=10uF
Change Component Comment : Designator=C6 Old Comment=ECA-1HM470 New Comment=10uF
Change Component Comment : Designator=U1 Old Comment=i11 -- OPA659IDBVT New Comment=LT1792ACN8#PBF
Change Component Comment : Designator=C8 Old Comment=tbd New Comment=1uF
Change Component Comment : Designator=R1 Old Comment=tbd New Comment=100k
Change Component Comment : Designator=C7 Old Comment=tbd New Comment=100nF
Change Managed Component Library Link : Designator=C1 Old VaultGUID= New VaultGUID=B7D15EC3-160A-466F-A46C-7801FE6295A7 Old ItemGUID= New ItemGUID=BCEB56C3-47DC-4E2F-AFC9-154D850B8414 Old RevisionGUID= New RevisionGUID=40102677-DF68-4F58-B6CF-AF18ABE40B0C
Change Managed Component Library Link : Designator=C2 Old VaultGUID= New VaultGUID=B7D15EC3-160A-466F-A46C-7801FE6295A7 Old ItemGUID= New ItemGUID=BCEB56C3-47DC-4E2F-AFC9-154D850B8414 Old RevisionGUID= New RevisionGUID=40102677-DF68-4F58-B6CF-AF18ABE40B0C
Change Managed Component Library Link : Designator=C3 Old VaultGUID= New VaultGUID=B7D15EC3-160A-466F-A46C-7801FE6295A7 Old ItemGUID= New ItemGUID=E9368A3C-7C9A-403B-827D-4149C7DE7BF3 Old RevisionGUID= New RevisionGUID=D584E60F-4A58-46AB-9EF1-2EE5958E2C26
Change Managed Component Library Link : Designator=C4 Old VaultGUID= New VaultGUID=B7D15EC3-160A-466F-A46C-7801FE6295A7 Old ItemGUID= New ItemGUID=E9368A3C-7C9A-403B-827D-4149C7DE7BF3 Old RevisionGUID= New RevisionGUID=D584E60F-4A58-46AB-9EF1-2EE5958E2C26
Change Managed Component Library Link : Designator=C5 Old VaultGUID= New VaultGUID=B7D15EC3-160A-466F-A46C-7801FE6295A7 Old ItemGUID= New ItemGUID=BCEB56C3-47DC-4E2F-AFC9-154D850B8414 Old RevisionGUID= New RevisionGUID=40102677-DF68-4F58-B6CF-AF18ABE40B0C
Change Managed Component Library Link : Designator=C6 Old VaultGUID= New VaultGUID=B7D15EC3-160A-466F-A46C-7801FE6295A7 Old ItemGUID= New ItemGUID=BCEB56C3-47DC-4E2F-AFC9-154D850B8414 Old RevisionGUID= New RevisionGUID=40102677-DF68-4F58-B6CF-AF18ABE40B0C
Change Managed Component Library Link : Designator=C7 Old VaultGUID= New VaultGUID=B7D15EC3-160A-466F-A46C-7801FE6295A7 Old ItemGUID= New ItemGUID=E9368A3C-7C9A-403B-827D-4149C7DE7BF3 Old RevisionGUID= New RevisionGUID=D584E60F-4A58-46AB-9EF1-2EE5958E2C26
Change Managed Component Library Link : Designator=C8 Old VaultGUID= New VaultGUID=B7D15EC3-160A-466F-A46C-7801FE6295A7 Old ItemGUID= New ItemGUID=E9368A3C-7C9A-403B-827D-4149C7DE7BF3 Old RevisionGUID= New RevisionGUID=D584E60F-4A58-46AB-9EF1-2EE5958E2C26
Change Managed Component Library Link : Designator=C9 Old VaultGUID= New VaultGUID=B7D15EC3-160A-466F-A46C-7801FE6295A7 Old ItemGUID= New ItemGUID=E9368A3C-7C9A-403B-827D-4149C7DE7BF3 Old RevisionGUID= New RevisionGUID=D584E60F-4A58-46AB-9EF1-2EE5958E2C26
Change Managed Component Library Link : Designator=D1 Old VaultGUID= New VaultGUID=B7D15EC3-160A-466F-A46C-7801FE6295A7 Old ItemGUID= New ItemGUID=41889CE4-8C3F-42D1-9D6C-260FFE318F6B Old RevisionGUID= New RevisionGUID=8D35D233-2571-435A-915D-89EDCAA11224
Change Managed Component Library Link : Designator=J1 Old VaultGUID= New VaultGUID=B7D15EC3-160A-466F-A46C-7801FE6295A7 Old ItemGUID= New ItemGUID=CE7FB685-2D70-4D6D-8F38-14EBB77BA4FF Old RevisionGUID= New RevisionGUID=1D8869F7-F19E-4019-A6BB-F0DE3704CA87
Change Managed Component Library Link : Designator=J2 Old VaultGUID= New VaultGUID=B7D15EC3-160A-466F-A46C-7801FE6295A7 Old ItemGUID= New ItemGUID=CE7FB685-2D70-4D6D-8F38-14EBB77BA4FF Old RevisionGUID= New RevisionGUID=1D8869F7-F19E-4019-A6BB-F0DE3704CA87
Change Managed Component Library Link : Designator=P2 Old VaultGUID= New VaultGUID=B7D15EC3-160A-466F-A46C-7801FE6295A7 Old ItemGUID= New ItemGUID=DA266960-442A-4B30-8888-DA34A2E3EA35 Old RevisionGUID= New RevisionGUID=50EC9777-56EC-4F9F-B8B5-0836F0D59E9E
Change Managed Component Library Link : Designator=R1 Old VaultGUID= New VaultGUID=B7D15EC3-160A-466F-A46C-7801FE6295A7 Old ItemGUID= New ItemGUID=EE182388-F9F9-44B2-ADDA-3A166CF16EBB Old RevisionGUID= New RevisionGUID=CBB4F726-0098-4545-8874-DE43FC7F77C5
Change Managed Component Library Link : Designator=R2 Old VaultGUID= New VaultGUID=B7D15EC3-160A-466F-A46C-7801FE6295A7 Old ItemGUID= New ItemGUID=C8F89914-A536-41D9-BB25-FE370ADFCBA1 Old RevisionGUID= New RevisionGUID=718F4519-AAD2-4E71-87D5-20D5184E19B1
Change Managed Component Library Link : Designator=R3 Old VaultGUID= New VaultGUID=B7D15EC3-160A-466F-A46C-7801FE6295A7 Old ItemGUID= New ItemGUID=C8F89914-A536-41D9-BB25-FE370ADFCBA1 Old RevisionGUID= New RevisionGUID=718F4519-AAD2-4E71-87D5-20D5184E19B1
Change Managed Component Library Link : Designator=U1 Old VaultGUID= New VaultGUID=B7D15EC3-160A-466F-A46C-7801FE6295A7 Old ItemGUID= New ItemGUID=74EC4492-56D5-4FAC-BB9D-C27B6C11B859 Old RevisionGUID= New RevisionGUID=1EBC2102-265B-4E5E-BA2F-F5C86BB98522
Change component parameters: Designator = "R1" ("R1"); Footprint = "RESC0603(1608)_N"; UniqueID = "\LGTKLBVE" ("\LGTKLBVE")
Change component parameters (AddParameter): Name = "Case-EIA"; Value = "0805"; VariantName = "[No Variations]"
Change component parameters (AddParameter): Name = "Case-Metric"; Value = "2012"; VariantName = "[No Variations]"
Change component parameters (AddParameter): Name = "Power"; Value = "0.125 W"; VariantName = "[No Variations]"
Change component parameters (AddParameter): Name = "Technology"; Value = "SMT"; VariantName = "[No Variations]"
Change component parameters (AddParameter): Name = "Tolerance"; Value = "1 %"; VariantName = "[No Variations]"
Change component parameters (AddParameter): Name = "Value"; Value = "10200.00 Ohm"; VariantName = "[No Variations]"
Change component parameters: Designator = "C1" ("C1"); Footprint = "CAPC0603(1608)100_N"; UniqueID = "\INAFNMYM" ("\INAFNMYM")
Change component parameters (AddParameter): Name = "Case-EIA"; Value = "1206"; VariantName = "[No Variations]"
Change component parameters (AddParameter): Name = "Case-Metric"; Value = "3216"; VariantName = "[No Variations]"
Change component parameters (AddParameter): Name = "Max Thickness"; Value = "1.3 mm"; VariantName = "[No Variations]"
Change component parameters (AddParameter): Name = "Rated Voltage"; Value = "10 V"; VariantName = "[No Variations]"
Change component parameters (AddParameter): Name = "Technology"; Value = "SMT"; VariantName = "[No Variations]"
Change component parameters (AddParameter): Name = "Tolerance"; Value = "-20% to +80%"; VariantName = "[No Variations]"
Change component parameters (AddParameter): Name = "Value"; Value = "10uF"; VariantName = "[No Variations]"
Change component parameters: Designator = "C2" ("C2"); Footprint = "CAPC0603(1608)100_N"; UniqueID = "\MCKTQRLY" ("\MCKTQRLY")
Change component parameters (AddParameter): Name = "Case-EIA"; Value = "1206"; VariantName = "[No Variations]"
Change component parameters (AddParameter): Name = "Case-Metric"; Value = "3216"; VariantName = "[No Variations]"
Change component parameters (AddParameter): Name = "Max Thickness"; Value = "1.3 mm"; VariantName = "[No Variations]"
Change component parameters (AddParameter): Name = "Rated Voltage"; Value = "10 V"; VariantName = "[No Variations]"
Change component parameters (AddParameter): Name = "Technology"; Value = "SMT"; VariantName = "[No Variations]"
Change component parameters (AddParameter): Name = "Tolerance"; Value = "-20% to +80%"; VariantName = "[No Variations]"
Change component parameters (AddParameter): Name = "Value"; Value = "10uF"; VariantName = "[No Variations]"
Change component parameters: Designator = "C5" ("C5"); Footprint = "PNSC-ECA-1HM470"; UniqueID = "\FEMGYFXJ" ("\FEMGYFXJ")
Change component parameters (AddParameter): Name = "Case-EIA"; Value = "1206"; VariantName = "[No Variations]"
Change component parameters (AddParameter): Name = "Case-Metric"; Value = "3216"; VariantName = "[No Variations]"
Change component parameters (AddParameter): Name = "Max Thickness"; Value = "1.3 mm"; VariantName = "[No Variations]"
Change component parameters (AddParameter): Name = "Rated Voltage"; Value = "10 V"; VariantName = "[No Variations]"
Change component parameters (AddParameter): Name = "Technology"; Value = "SMT"; VariantName = "[No Variations]"
Change component parameters (AddParameter): Name = "Tolerance"; Value = "-20% to +80%"; VariantName = "[No Variations]"
Change component parameters (AddParameter): Name = "Value"; Value = "10uF"; VariantName = "[No Variations]"
Change component parameters: Designator = "C6" ("C6"); Footprint = "PNSC-ECA-1HM470"; UniqueID = "\DXEWJSDA" ("\DXEWJSDA")
Change component parameters (AddParameter): Name = "Case-EIA"; Value = "1206"; VariantName = "[No Variations]"
Change component parameters (AddParameter): Name = "Case-Metric"; Value = "3216"; VariantName = "[No Variations]"
Change component parameters (AddParameter): Name = "Max Thickness"; Value = "1.3 mm"; VariantName = "[No Variations]"
Change component parameters (AddParameter): Name = "Rated Voltage"; Value = "10 V"; VariantName = "[No Variations]"
Change component parameters (AddParameter): Name = "Technology"; Value = "SMT"; VariantName = "[No Variations]"
Change component parameters (AddParameter): Name = "Tolerance"; Value = "-20% to +80%"; VariantName = "[No Variations]"
Change component parameters (AddParameter): Name = "Value"; Value = "10uF"; VariantName = "[No Variations]"
Change component parameters: Designator = "U1" ("U1"); Footprint = "TI-DBV5_L"; UniqueID = "\LUZCDIPK" ("\LUZCDIPK")
Change component parameters (AddParameter): Name = "Channels (#)"; Value = "1"; VariantName = "[No Variations]"
Change component parameters (AddParameter): Name = "ComponentLink1Description"; Value = "Manufacturer URL"; VariantName = "[No Variations]"
Change component parameters (AddParameter): Name = "ComponentLink1URL"; Value = "http://www.linear.com/"; VariantName = "[No Variations]"
Change component parameters (AddParameter): Name = "ComponentLink2Description"; Value = "Datasheet"; VariantName = "[No Variations]"
Change component parameters (AddParameter): Name = "ComponentLink2URL"; Value = "http://cds.linear.com/docs/en/datasheet/1792f.pdf"; VariantName = "[No Variations]"
Change component parameters (AddParameter): Name = "ComponentLink3Description"; Value = "Package Specification"; VariantName = "[No Variations]"
Change component parameters (AddParameter): Name = "ComponentLink3URL"; Value = "http://cds.linear.com/docs/en/packaging/05081510_I_N8.pdf"; VariantName = "[No Variations]"
Change component parameters (AddParameter): Name = "GBW (MHz) Typical"; Value = "5.6"; VariantName = "[No Variations]"
Change component parameters (AddParameter): Name = "Is (mA) Typical"; Value = "4.2"; VariantName = "[No Variations]"
Change component parameters (AddParameter): Name = "Linear Technology Part Number"; Value = "LT1792"; VariantName = "[No Variations]"
Change component parameters (AddParameter): Name = "Manufacturer"; Value = "Linear Technology"; VariantName = "[No Variations]"
Change component parameters (AddParameter): Name = "Mounting Technology"; Value = "Surface Mount"; VariantName = "[No Variations]"
Change component parameters (AddParameter): Name = "PackageDescription"; Value = "8-Lead PDIP, Body 10.16 x 6.48 mm, Pitch 2.54 mm"; VariantName = "[No Variations]"
Change component parameters (AddParameter): Name = "PackageReference"; Value = "LT-N8-8"; VariantName = "[No Variations]"
Change component parameters (AddParameter): Name = "PackageVersion"; Value = "Rev I"; VariantName = "[No Variations]"
Change component parameters (AddParameter): Name = "PartNumber"; Value = "LT1792ACN8#PBF"; VariantName = "[No Variations]"
Change component parameters (AddParameter): Name = "RevisionNote"; Value = "URLs updated"; VariantName = "[No Variations]"
Change component parameters (AddParameter): Name = "RoHS"; Value = "Pb-Free"; VariantName = "[No Variations]"
Change component parameters (AddParameter): Name = "SR (V/us) Typical"; Value = "3.4"; VariantName = "[No Variations]"
Change component parameters (AddParameter): Name = "Type"; Value = "JFET"; VariantName = "[No Variations]"
Change component parameters (AddParameter): Name = "Vos (mV) Guaranteed"; Value = "0.6"; VariantName = "[No Variations]"
Change component parameters (AddParameter): Name = "Vos (mV) Typical"; Value = "0.2"; VariantName = "[No Variations]"
Change component parameters (AddParameter): Name = "Vs Max (V)"; Value = "40"; VariantName = "[No Variations]"
Change component parameters (AddParameter): Name = "Vs Min (V)"; Value = "10"; VariantName = "[No Variations]"
Added Component: Designator=D2(ONSC-SOD123-2-425G-04_V)
Add component (AddParameter): Name = "CD (Max)"; Value = "4 pF"; VariantName = "[No Variations]"
Add component (AddParameter): Name = "ComponentLink1Description"; Value = "Manufacturer URL"; VariantName = "[No Variations]"
Add component (AddParameter): Name = "ComponentLink1URL"; Value = "http://www.onsemi.com/"; VariantName = "[No Variations]"
Add component (AddParameter): Name = "ComponentLink2Description"; Value = "Datasheet"; VariantName = "[No Variations]"
Add component (AddParameter): Name = "ComponentLink2URL"; Value = "http://www.onsemi.com/pub_link/Collateral/MMSD4148T1-D.PDF"; VariantName = "[No Variations]"
Add component (AddParameter): Name = "ComponentLink3Description"; Value = "Package Specification"; VariantName = "[No Variations]"
Add component (AddParameter): Name = "ComponentLink3URL"; Value = "http://www.onsemi.com/pub_link/Collateral/425-04.PDF"; VariantName = "[No Variations]"
Add component (AddParameter): Name = "DatasheetVersion"; Value = "Rev. 11"; VariantName = "[No Variations]"
Add component (AddParameter): Name = "IR @ VR"; Value = "75 V (Max)=50 uA"; VariantName = "[No Variations]"
Add component (AddParameter): Name = "Manufacturer"; Value = "ON Semiconductor"; VariantName = "[No Variations]"
Add component (AddParameter): Name = "Mounting Technology"; Value = "Surface Mount"; VariantName = "[No Variations]"
Add component (AddParameter): Name = "PackageDescription"; Value = "2-Pin SOD123, Body 2.69 x 1.6 mm, Height 1.35 mm"; VariantName = "[No Variations]"
Add component (AddParameter): Name = "PackageReference"; Value = "SOD123-2-425G-04"; VariantName = "[No Variations]"
Add component (AddParameter): Name = "PackageVersion"; Value = "Rev. 04G"; VariantName = "[No Variations]"
Add component (AddParameter): Name = "Packing"; Value = "Tape and Reel"; VariantName = "[No Variations]"
Add component (AddParameter): Name = "PartNumber"; Value = "MMSD4148T3G"; VariantName = "[No Variations]"
Add component (AddParameter): Name = "PD (Max)"; Value = "425 mW"; VariantName = "[No Variations]"
Add component (AddParameter): Name = "RoHS"; Value = "TRUE"; VariantName = "[No Variations]"
Add component (AddParameter): Name = "Temperature Range"; Value = "-55 to 150 degC"; VariantName = "[No Variations]"
Add component (AddParameter): Name = "Trr (Max)"; Value = "4 ns"; VariantName = "[No Variations]"
Add component (AddParameter): Name = "VBR (Min)"; Value = "100 V"; VariantName = "[No Variations]"
Add component (AddParameter): Name = "VF (Max)"; Value = "1 A"; VariantName = "[No Variations]"
Added Component: Designator=VR1(BOUR-3362P)
Add component (AddParameter): Name = "Case Code (Imperial)"; Value = "0612"; VariantName = "[No Variations]"
Add component (AddParameter): Name = "Case Code (Metric)"; Value = "1632"; VariantName = "[No Variations]"
Add component (AddParameter): Name = "Case/Package"; Value = "1206"; VariantName = "[No Variations]"
Add component (AddParameter): Name = "ComponentLink1Description"; Value = "Manufacturer URL"; VariantName = "[No Variations]"
Add component (AddParameter): Name = "ComponentLink1URL"; Value = "http://www.bourns.com/"; VariantName = "[No Variations]"
Add component (AddParameter): Name = "ComponentLink2Description"; Value = "Datasheet"; VariantName = "[No Variations]"
Add component (AddParameter): Name = "ComponentLink2URL"; Value = "http://www.bourns.com/docs/Product-Datasheets/3362.pdf"; VariantName = "[No Variations]"
Add component (AddParameter): Name = "DatasheetVersion"; Value = "May-16"; VariantName = "[No Variations]"
Add component (AddParameter): Name = "Height"; Value = "0.6 mm"; VariantName = "[No Variations]"
Add component (AddParameter): Name = "Length"; Value = "3.2 mm"; VariantName = "[No Variations]"
Add component (AddParameter): Name = "Max Operating Temperature"; Value = "125degC"; VariantName = "[No Variations]"
Add component (AddParameter): Name = "Min Operating Temperature"; Value = "-25degC"; VariantName = "[No Variations]"
Add component (AddParameter): Name = "Mount"; Value = "Surface Mount"; VariantName = "[No Variations]"
Add component (AddParameter): Name = "Package Quantity"; Value = "5000"; VariantName = "[No Variations]"
Add component (AddParameter): Name = "PackageDescription"; Value = "3-Pin Through Hole Device, Body 6.6 x 6.99 mm, Pitch 2.54 mm"; VariantName = "[No Variations]"
Add component (AddParameter): Name = "PackageReference"; Value = "3326P"; VariantName = "[No Variations]"
Add component (AddParameter): Name = "Packaging"; Value = "Tape and Reel"; VariantName = "[No Variations]"
Add component (AddParameter): Name = "Pins"; Value = "2"; VariantName = "[No Variations]"
Add component (AddParameter): Name = "Power Rating"; Value = "1 W"; VariantName = "[No Variations]"
Add component (AddParameter): Name = "REACH SVHC"; Value = "No SVHC"; VariantName = "[No Variations]"
Add component (AddParameter): Name = "Resistance"; Value = "50 mohm"; VariantName = "[No Variations]"
Add component (AddParameter): Name = "RoHSCompliant"; Value = "True"; VariantName = "[No Variations]"
Add component (AddParameter): Name = "Tolerance"; Value = "1%"; VariantName = "[No Variations]"
Add component (AddParameter): Name = "Voltage Rating"; Value = "220 mV"; VariantName = "[No Variations]"
Add component (AddParameter): Name = "Width"; Value = "1.6 mm"; VariantName = "[No Variations]"
Added Pin To Net: NetName=+5V Pin=C3-2
Added Pin To Net: NetName=+5V Pin=C4-2
Added Pin To Net: NetName=GND Pin=C5-1
Added Pin To Net: NetName=-5V Pin=C5-2
Added Pin To Net: NetName=GND Pin=C7-1
Added Pin To Net: NetName=-5V Pin=C7-2
Added Pin To Net: NetName=GND Pin=C8-1
Added Pin To Net: NetName=-5V Pin=C8-2
Added Pin To Net: NetName=GND Pin=C9-2
Added Pin To Net: NetName=+5V Pin=D1-2
Added Pin To Net: NetName=-5V Pin=D2-2
Added Pin To Net: NetName=NetC9_1 Pin=J2-1
Added Pin To Net: NetName=NetC9_1 Pin=R1-1
Added Pin To Net: NetName=NetJ1_1 Pin=U1-2
Added Pin To Net: NetName=-5V Pin=U1-4
Added Pin To Net: NetName=+5V Pin=U1-7
Added Pin To Net: NetName=-5V Pin=VR1-2
Added Pin To Net: NetName=NetD1_1 Pin=D1-1
Added Pin To Net: NetName=NetD1_1 Pin=R2-2
Added Net: Name=NetD1_1
Added Pin To Net: NetName=NetD2_1 Pin=D2-1
Added Pin To Net: NetName=NetD2_1 Pin=R3-2
Added Net: Name=NetD2_1
Added Pin To Net: NetName=NetP2_1 Pin=P2-1
Added Pin To Net: NetName=NetP2_1 Pin=R2-1
Added Net: Name=NetP2_1
Added Pin To Net: NetName=NetP2_3 Pin=P2-3
Added Pin To Net: NetName=NetP2_3 Pin=R3-1
Added Net: Name=NetP2_3
Added Pin To Net: NetName=NetR1_2 Pin=R1-2
Added Pin To Net: NetName=NetR1_2 Pin=U1-6
Added Net: Name=NetR1_2
Added Pin To Net: NetName=NetU1_1 Pin=U1-1
Added Pin To Net: NetName=NetU1_1 Pin=VR1-1
Added Net: Name=NetU1_1
Added Pin To Net: NetName=NetU1_5 Pin=U1-5
Added Pin To Net: NetName=NetU1_5 Pin=VR1-3
Added Net: Name=NetU1_5
Added Member To Class: ClassName=pulsePreamplifier Member=Component D2 MMSD4148T3G
Added Member To Class: ClassName=pulsePreamplifier Member=Component VR1 10k
