Removed Pin From Net: NetName=-5V Pin=U2-2
Removed Pin From Net: NetName=NetC8_1 Pin=U2-3
Removed Pin From Net: NetName=+5V Pin=U2-5
Removed Pin From Net: NetName=+5V Pin=U2-6
Added Component: Designator=C?(CAPC0603(1608)100_N)
Add component. Clean all parameters for all variants
Add component (AddParameter): Name = "Case-EIA"; Value = "0603"; VariantName = "[No Variations]"
Add component (AddParameter): Name = "Case-Metric"; Value = "1608"; VariantName = "[No Variations]"
Add component (AddParameter): Name = "Max Thickness"; Value = "1 mm"; VariantName = "[No Variations]"
Add component (AddParameter): Name = "Rated Voltage"; Value = "25 V"; VariantName = "[No Variations]"
Add component (AddParameter): Name = "Technology"; Value = "SMT"; VariantName = "[No Variations]"
Add component (AddParameter): Name = "Tolerance"; Value = "±20%"; VariantName = "[No Variations]"
Add component (AddParameter): Name = "Value"; Value = "100nF"; VariantName = "[No Variations]"
Added Component: Designator=U2(ADI-RJ-6_M)
Add component. Clean all parameters for all variants
Add component (AddParameter): Name = "Amplifiers Per Package"; Value = "1"; VariantName = "[No Variations]"
Add component (AddParameter): Name = "Code_JEDEC"; Value = "MO-178-AB"; VariantName = "[No Variations]"
Add component (AddParameter): Name = "ComponentLink1Description"; Value = "Manufacturer URL"; VariantName = "[No Variations]"
Add component (AddParameter): Name = "ComponentLink1URL"; Value = "http://www.analog.com/en/index.html"; VariantName = "[No Variations]"
Add component (AddParameter): Name = "ComponentLink2Description"; Value = "Datasheet"; VariantName = "[No Variations]"
Add component (AddParameter): Name = "ComponentLink2URL"; Value = "http://www.analog.com/static/imported-files/data_sheets/ADA4841-1_4841-2.pdf"; VariantName = "[No Variations]"
Add component (AddParameter): Name = "ComponentLink3Description"; Value = "Package Specification"; VariantName = "[No Variations]"
Add component (AddParameter): Name = "ComponentLink3URL"; Value = "http://www.analog.com/static/imported-files/packages/PKG_PDF/SOT-23(RJ)/RJ_6.pdf"; VariantName = "[No Variations]"
Add component (AddParameter): Name = "ComponentLink4Description"; Value = "Reference Circuit"; VariantName = "[No Variations]"
Add component (AddParameter): Name = "ComponentLink4URL"; Value = "http://www.analog.com/en/all-operational-amplifiers-op-amps/operational-amplifiers-op-amps/ada4841-1/products/product.html#product-recommendations"; VariantName = "[No Variations]"
Add component (AddParameter): Name = "DatasheetVersion"; Value = "Rev. E"; VariantName = "[No Variations]"
Add component (AddParameter): Name = "Generic Part Number"; Value = "ADA4841-1"; VariantName = "[No Variations]"
Add component (AddParameter): Name = "Input Bias Current"; Value = "3uA"; VariantName = "[No Variations]"
Add component (AddParameter): Name = "Input Offset Voltage"; Value = "40uV"; VariantName = "[No Variations]"
Add component (AddParameter): Name = "Iq/Amp"; Value = "1.5mA"; VariantName = "[No Variations]"
Add component (AddParameter): Name = "Manufacturer"; Value = "Analog Devices"; VariantName = "[No Variations]"
Add component (AddParameter): Name = "Mounting Technology"; Value = "Surface Mount"; VariantName = "[No Variations]"
Add component (AddParameter): Name = "PackageDescription"; Value = "6-Pin Small Outline Transistor Package, Body 2.9 x 1.6 mm, Pitch 0.95 mm"; VariantName = "[No Variations]"
Add component (AddParameter): Name = "PackageReference"; Value = "RJ-6"; VariantName = "[No Variations]"
Add component (AddParameter): Name = "PackageVersion"; Value = "121608-A"; VariantName = "[No Variations]"
Add component (AddParameter): Name = "PartNumber"; Value = "ADA4841-1YRJZ-R2"; VariantName = "[No Variations]"
Add component (AddParameter): Name = "RevisionNote"; Value = "Reference Circuit URL fixed"; VariantName = "[No Variations]"
Add component (AddParameter): Name = "Slew Rate"; Value = "13V/us"; VariantName = "[No Variations]"
Add component (AddParameter): Name = "Small Signal Bandwidth"; Value = "80MHz"; VariantName = "[No Variations]"
Add component (AddParameter): Name = "V Span Max"; Value = "12V"; VariantName = "[No Variations]"
Add component (AddParameter): Name = "V Span Min"; Value = "2.7V"; VariantName = "[No Variations]"
Added Pin To Net: NetName=-5V Pin=U2-2
Added Pin To Net: NetName=NetC8_1 Pin=U2-3
Added Pin To Net: NetName=+5V Pin=U2-5
Added Pin To Net: NetName=+5V Pin=U2-6
Added Pin To Net: NetName=NetC?_1 Pin=C?-1
Added Pin To Net: NetName=NetC?_1 Pin=R8_RC4-2
Added Net: Name=NetC?_1
Added Pin To Net: NetName=NetC?_2 Pin=C?-2
Added Pin To Net: NetName=NetC?_2 Pin=CR-1
Added Pin To Net: NetName=NetC?_2 Pin=U2-1
Added Pin To Net: NetName=NetC?_2 Pin=U2-4
Added Net: Name=NetC?_2
Added Member To Class: ClassName=pulseAmplifier Member=Component C? 10nF
