Change Component Footprint: Designator=+5V Old Footprint=61300111121 New Footprint=KSTN-5010_V
Change Component Footprint: Designator=-5V Old Footprint=61300111121 New Footprint=KSTN-5010_V
Change Component Footprint: Designator=CA Old Footprint=61300111121 New Footprint=KSTN-5010_V
Change Component Footprint: Designator=CR Old Footprint=61300111121 New Footprint=KSTN-5010_V
Change Component Footprint: Designator=GND_1 Old Footprint=61300111121 New Footprint=KSTN-5010_V
Change Component Footprint: Designator=RC_RC1 Old Footprint=61300111121 New Footprint=KSTN-5010_V
Change Component Footprint: Designator=RC_RC2 Old Footprint=61300111121 New Footprint=KSTN-5010_V
Change Component Footprint: Designator=RC_RC3 Old Footprint=61300111121 New Footprint=KSTN-5010_V
Change Component Footprint: Designator=RC_RC4 Old Footprint=61300111121 New Footprint=KSTN-5010_V
Change Component Comment : Designator=+5V Old Comment=61300111121 New Comment=5010
Change Component Comment : Designator=-5V Old Comment=61300111121 New Comment=5010
Change Component Comment : Designator=CA Old Comment=61300111121 New Comment=5010
Change Component Comment : Designator=CR Old Comment=61300111121 New Comment=5010
Change Component Comment : Designator=GND_1 Old Comment=61300111121 New Comment=5010
Change Component Comment : Designator=RC_RC1 Old Comment=61300111121 New Comment=5010
Change Component Comment : Designator=RC_RC2 Old Comment=61300111121 New Comment=5010
Change Component Comment : Designator=RC_RC3 Old Comment=61300111121 New Comment=5010
Change Component Comment : Designator=RC_RC4 Old Comment=61300111121 New Comment=5010
Change component parameters: Designator = "+5V"; Footprint = "KSTN-5010_V"; UniqueID = "\YNDJIRSU\VTSFNOHA"
Change component parameters. Clean all parameters for all variants
Change component parameters (AddParameter): Name = "Colour"; Value = "Red"; VariantName = "[No Variations]"
Change component parameters (AddParameter): Name = "Contact Material"; Value = "Bronze"; VariantName = "[No Variations]"
Change component parameters (AddParameter): Name = "Contact Plating"; Value = "Silver"; VariantName = "[No Variations]"
Change component parameters (AddParameter): Name = "DatasheetVersion"; Value = "Rev. F, 12/2013"; VariantName = "[No Variations]"
Change component parameters (AddParameter): Name = "Height"; Value = "8.12 mm"; VariantName = "[No Variations]"
Change component parameters (AddParameter): Name = "Mount"; Value = "Through Hole"; VariantName = "[No Variations]"
Change component parameters (AddParameter): Name = "Mounting Technology"; Value = "Through Hole"; VariantName = "[No Variations]"
Change component parameters (AddParameter): Name = "PackageDescription"; Value = "1-Pin Through Hole Device, Dia 3.17 mm"; VariantName = "[No Variations]"
Change component parameters (AddParameter): Name = "Package Quantity"; Value = "100"; VariantName = "[No Variations]"
Change component parameters (AddParameter): Name = "PackageReference"; Value = "5010"; VariantName = "[No Variations]"
Change component parameters (AddParameter): Name = "Packaging"; Value = "Bulk"; VariantName = "[No Variations]"
Change component parameters (AddParameter): Name = "Pins"; Value = "1"; VariantName = "[No Variations]"
Change component parameters (AddParameter): Name = "REACH SVHC"; Value = "No SVHC"; VariantName = "[No Variations]"
Change component parameters (AddParameter): Name = "RoHSCompliant"; Value = "true"; VariantName = "[No Variations]"
Change component parameters: Designator = "-5V"; Footprint = "KSTN-5010_V"; UniqueID = "\YNDJIRSU\ETTBXHWS"
Change component parameters. Clean all parameters for all variants
Change component parameters (AddParameter): Name = "Colour"; Value = "Red"; VariantName = "[No Variations]"
Change component parameters (AddParameter): Name = "Contact Material"; Value = "Bronze"; VariantName = "[No Variations]"
Change component parameters (AddParameter): Name = "Contact Plating"; Value = "Silver"; VariantName = "[No Variations]"
Change component parameters (AddParameter): Name = "DatasheetVersion"; Value = "Rev. F, 12/2013"; VariantName = "[No Variations]"
Change component parameters (AddParameter): Name = "Height"; Value = "8.12 mm"; VariantName = "[No Variations]"
Change component parameters (AddParameter): Name = "Mount"; Value = "Through Hole"; VariantName = "[No Variations]"
Change component parameters (AddParameter): Name = "Mounting Technology"; Value = "Through Hole"; VariantName = "[No Variations]"
Change component parameters (AddParameter): Name = "PackageDescription"; Value = "1-Pin Through Hole Device, Dia 3.17 mm"; VariantName = "[No Variations]"
Change component parameters (AddParameter): Name = "Package Quantity"; Value = "100"; VariantName = "[No Variations]"
Change component parameters (AddParameter): Name = "PackageReference"; Value = "5010"; VariantName = "[No Variations]"
Change component parameters (AddParameter): Name = "Packaging"; Value = "Bulk"; VariantName = "[No Variations]"
Change component parameters (AddParameter): Name = "Pins"; Value = "1"; VariantName = "[No Variations]"
Change component parameters (AddParameter): Name = "REACH SVHC"; Value = "No SVHC"; VariantName = "[No Variations]"
Change component parameters (AddParameter): Name = "RoHSCompliant"; Value = "true"; VariantName = "[No Variations]"
Change component parameters: Designator = "CA"; Footprint = "KSTN-5010_V"; UniqueID = "\CXMDORXE\OBJJABHN"
Change component parameters. Clean all parameters for all variants
Change component parameters (AddParameter): Name = "Colour"; Value = "Red"; VariantName = "[No Variations]"
Change component parameters (AddParameter): Name = "Contact Material"; Value = "Bronze"; VariantName = "[No Variations]"
Change component parameters (AddParameter): Name = "Contact Plating"; Value = "Silver"; VariantName = "[No Variations]"
Change component parameters (AddParameter): Name = "DatasheetVersion"; Value = "Rev. F, 12/2013"; VariantName = "[No Variations]"
Change component parameters (AddParameter): Name = "Height"; Value = "8.12 mm"; VariantName = "[No Variations]"
Change component parameters (AddParameter): Name = "Mount"; Value = "Through Hole"; VariantName = "[No Variations]"
Change component parameters (AddParameter): Name = "Mounting Technology"; Value = "Through Hole"; VariantName = "[No Variations]"
Change component parameters (AddParameter): Name = "PackageDescription"; Value = "1-Pin Through Hole Device, Dia 3.17 mm"; VariantName = "[No Variations]"
Change component parameters (AddParameter): Name = "Package Quantity"; Value = "100"; VariantName = "[No Variations]"
Change component parameters (AddParameter): Name = "PackageReference"; Value = "5010"; VariantName = "[No Variations]"
Change component parameters (AddParameter): Name = "Packaging"; Value = "Bulk"; VariantName = "[No Variations]"
Change component parameters (AddParameter): Name = "Pins"; Value = "1"; VariantName = "[No Variations]"
Change component parameters (AddParameter): Name = "REACH SVHC"; Value = "No SVHC"; VariantName = "[No Variations]"
Change component parameters (AddParameter): Name = "RoHSCompliant"; Value = "true"; VariantName = "[No Variations]"
Change component parameters: Designator = "CR"; Footprint = "KSTN-5010_V"; UniqueID = "\VZMUHYXL\UWYMHYKA"
Change component parameters. Clean all parameters for all variants
Change component parameters (AddParameter): Name = "Colour"; Value = "Red"; VariantName = "[No Variations]"
Change component parameters (AddParameter): Name = "Contact Material"; Value = "Bronze"; VariantName = "[No Variations]"
Change component parameters (AddParameter): Name = "Contact Plating"; Value = "Silver"; VariantName = "[No Variations]"
Change component parameters (AddParameter): Name = "DatasheetVersion"; Value = "Rev. F, 12/2013"; VariantName = "[No Variations]"
Change component parameters (AddParameter): Name = "Height"; Value = "8.12 mm"; VariantName = "[No Variations]"
Change component parameters (AddParameter): Name = "Mount"; Value = "Through Hole"; VariantName = "[No Variations]"
Change component parameters (AddParameter): Name = "Mounting Technology"; Value = "Through Hole"; VariantName = "[No Variations]"
Change component parameters (AddParameter): Name = "PackageDescription"; Value = "1-Pin Through Hole Device, Dia 3.17 mm"; VariantName = "[No Variations]"
Change component parameters (AddParameter): Name = "Package Quantity"; Value = "100"; VariantName = "[No Variations]"
Change component parameters (AddParameter): Name = "PackageReference"; Value = "5010"; VariantName = "[No Variations]"
Change component parameters (AddParameter): Name = "Packaging"; Value = "Bulk"; VariantName = "[No Variations]"
Change component parameters (AddParameter): Name = "Pins"; Value = "1"; VariantName = "[No Variations]"
Change component parameters (AddParameter): Name = "REACH SVHC"; Value = "No SVHC"; VariantName = "[No Variations]"
Change component parameters (AddParameter): Name = "RoHSCompliant"; Value = "true"; VariantName = "[No Variations]"
Change component parameters: Designator = "GND_1"; Footprint = "KSTN-5010_V"; UniqueID = "\YNDJIRSU\ZSTFKXZB"
Change component parameters. Clean all parameters for all variants
Change component parameters (AddParameter): Name = "Colour"; Value = "Red"; VariantName = "[No Variations]"
Change component parameters (AddParameter): Name = "Contact Material"; Value = "Bronze"; VariantName = "[No Variations]"
Change component parameters (AddParameter): Name = "Contact Plating"; Value = "Silver"; VariantName = "[No Variations]"
Change component parameters (AddParameter): Name = "DatasheetVersion"; Value = "Rev. F, 12/2013"; VariantName = "[No Variations]"
Change component parameters (AddParameter): Name = "Height"; Value = "8.12 mm"; VariantName = "[No Variations]"
Change component parameters (AddParameter): Name = "Mount"; Value = "Through Hole"; VariantName = "[No Variations]"
Change component parameters (AddParameter): Name = "Mounting Technology"; Value = "Through Hole"; VariantName = "[No Variations]"
Change component parameters (AddParameter): Name = "PackageDescription"; Value = "1-Pin Through Hole Device, Dia 3.17 mm"; VariantName = "[No Variations]"
Change component parameters (AddParameter): Name = "Package Quantity"; Value = "100"; VariantName = "[No Variations]"
Change component parameters (AddParameter): Name = "PackageReference"; Value = "5010"; VariantName = "[No Variations]"
Change component parameters (AddParameter): Name = "Packaging"; Value = "Bulk"; VariantName = "[No Variations]"
Change component parameters (AddParameter): Name = "Pins"; Value = "1"; VariantName = "[No Variations]"
Change component parameters (AddParameter): Name = "REACH SVHC"; Value = "No SVHC"; VariantName = "[No Variations]"
Change component parameters (AddParameter): Name = "RoHSCompliant"; Value = "true"; VariantName = "[No Variations]"
Change component parameters: Designator = "RC_RC1"; Footprint = "KSTN-5010_V"; UniqueID = "\GCTTEUHC\HRFXVLXA"
Change component parameters. Clean all parameters for all variants
Change component parameters (AddParameter): Name = "Colour"; Value = "Red"; VariantName = "[No Variations]"
Change component parameters (AddParameter): Name = "Contact Material"; Value = "Bronze"; VariantName = "[No Variations]"
Change component parameters (AddParameter): Name = "Contact Plating"; Value = "Silver"; VariantName = "[No Variations]"
Change component parameters (AddParameter): Name = "DatasheetVersion"; Value = "Rev. F, 12/2013"; VariantName = "[No Variations]"
Change component parameters (AddParameter): Name = "Height"; Value = "8.12 mm"; VariantName = "[No Variations]"
Change component parameters (AddParameter): Name = "Mount"; Value = "Through Hole"; VariantName = "[No Variations]"
Change component parameters (AddParameter): Name = "Mounting Technology"; Value = "Through Hole"; VariantName = "[No Variations]"
Change component parameters (AddParameter): Name = "PackageDescription"; Value = "1-Pin Through Hole Device, Dia 3.17 mm"; VariantName = "[No Variations]"
Change component parameters (AddParameter): Name = "Package Quantity"; Value = "100"; VariantName = "[No Variations]"
Change component parameters (AddParameter): Name = "PackageReference"; Value = "5010"; VariantName = "[No Variations]"
Change component parameters (AddParameter): Name = "Packaging"; Value = "Bulk"; VariantName = "[No Variations]"
Change component parameters (AddParameter): Name = "Pins"; Value = "1"; VariantName = "[No Variations]"
Change component parameters (AddParameter): Name = "REACH SVHC"; Value = "No SVHC"; VariantName = "[No Variations]"
Change component parameters (AddParameter): Name = "RoHSCompliant"; Value = "true"; VariantName = "[No Variations]"
Change component parameters: Designator = "RC_RC2"; Footprint = "KSTN-5010_V"; UniqueID = "\FYIDXMTV\HRFXVLXA"
Change component parameters. Clean all parameters for all variants
Change component parameters (AddParameter): Name = "Colour"; Value = "Red"; VariantName = "[No Variations]"
Change component parameters (AddParameter): Name = "Contact Material"; Value = "Bronze"; VariantName = "[No Variations]"
Change component parameters (AddParameter): Name = "Contact Plating"; Value = "Silver"; VariantName = "[No Variations]"
Change component parameters (AddParameter): Name = "DatasheetVersion"; Value = "Rev. F, 12/2013"; VariantName = "[No Variations]"
Change component parameters (AddParameter): Name = "Height"; Value = "8.12 mm"; VariantName = "[No Variations]"
Change component parameters (AddParameter): Name = "Mount"; Value = "Through Hole"; VariantName = "[No Variations]"
Change component parameters (AddParameter): Name = "Mounting Technology"; Value = "Through Hole"; VariantName = "[No Variations]"
Change component parameters (AddParameter): Name = "PackageDescription"; Value = "1-Pin Through Hole Device, Dia 3.17 mm"; VariantName = "[No Variations]"
Change component parameters (AddParameter): Name = "Package Quantity"; Value = "100"; VariantName = "[No Variations]"
Change component parameters (AddParameter): Name = "PackageReference"; Value = "5010"; VariantName = "[No Variations]"
Change component parameters (AddParameter): Name = "Packaging"; Value = "Bulk"; VariantName = "[No Variations]"
Change component parameters (AddParameter): Name = "Pins"; Value = "1"; VariantName = "[No Variations]"
Change component parameters (AddParameter): Name = "REACH SVHC"; Value = "No SVHC"; VariantName = "[No Variations]"
Change component parameters (AddParameter): Name = "RoHSCompliant"; Value = "true"; VariantName = "[No Variations]"
Change component parameters: Designator = "RC_RC3"; Footprint = "KSTN-5010_V"; UniqueID = "\XUBRQZDQ\HRFXVLXA"
Change component parameters. Clean all parameters for all variants
Change component parameters (AddParameter): Name = "Colour"; Value = "Red"; VariantName = "[No Variations]"
Change component parameters (AddParameter): Name = "Contact Material"; Value = "Bronze"; VariantName = "[No Variations]"
Change component parameters (AddParameter): Name = "Contact Plating"; Value = "Silver"; VariantName = "[No Variations]"
Change component parameters (AddParameter): Name = "DatasheetVersion"; Value = "Rev. F, 12/2013"; VariantName = "[No Variations]"
Change component parameters (AddParameter): Name = "Height"; Value = "8.12 mm"; VariantName = "[No Variations]"
Change component parameters (AddParameter): Name = "Mount"; Value = "Through Hole"; VariantName = "[No Variations]"
Change component parameters (AddParameter): Name = "Mounting Technology"; Value = "Through Hole"; VariantName = "[No Variations]"
Change component parameters (AddParameter): Name = "PackageDescription"; Value = "1-Pin Through Hole Device, Dia 3.17 mm"; VariantName = "[No Variations]"
Change component parameters (AddParameter): Name = "Package Quantity"; Value = "100"; VariantName = "[No Variations]"
Change component parameters (AddParameter): Name = "PackageReference"; Value = "5010"; VariantName = "[No Variations]"
Change component parameters (AddParameter): Name = "Packaging"; Value = "Bulk"; VariantName = "[No Variations]"
Change component parameters (AddParameter): Name = "Pins"; Value = "1"; VariantName = "[No Variations]"
Change component parameters (AddParameter): Name = "REACH SVHC"; Value = "No SVHC"; VariantName = "[No Variations]"
Change component parameters (AddParameter): Name = "RoHSCompliant"; Value = "true"; VariantName = "[No Variations]"
Change component parameters: Designator = "RC_RC4"; Footprint = "KSTN-5010_V"; UniqueID = "\WCAYNUDN\HRFXVLXA"
Change component parameters. Clean all parameters for all variants
Change component parameters (AddParameter): Name = "Colour"; Value = "Red"; VariantName = "[No Variations]"
Change component parameters (AddParameter): Name = "Contact Material"; Value = "Bronze"; VariantName = "[No Variations]"
Change component parameters (AddParameter): Name = "Contact Plating"; Value = "Silver"; VariantName = "[No Variations]"
Change component parameters (AddParameter): Name = "DatasheetVersion"; Value = "Rev. F, 12/2013"; VariantName = "[No Variations]"
Change component parameters (AddParameter): Name = "Height"; Value = "8.12 mm"; VariantName = "[No Variations]"
Change component parameters (AddParameter): Name = "Mount"; Value = "Through Hole"; VariantName = "[No Variations]"
Change component parameters (AddParameter): Name = "Mounting Technology"; Value = "Through Hole"; VariantName = "[No Variations]"
Change component parameters (AddParameter): Name = "PackageDescription"; Value = "1-Pin Through Hole Device, Dia 3.17 mm"; VariantName = "[No Variations]"
Change component parameters (AddParameter): Name = "Package Quantity"; Value = "100"; VariantName = "[No Variations]"
Change component parameters (AddParameter): Name = "PackageReference"; Value = "5010"; VariantName = "[No Variations]"
Change component parameters (AddParameter): Name = "Packaging"; Value = "Bulk"; VariantName = "[No Variations]"
Change component parameters (AddParameter): Name = "Pins"; Value = "1"; VariantName = "[No Variations]"
Change component parameters (AddParameter): Name = "REACH SVHC"; Value = "No SVHC"; VariantName = "[No Variations]"
Change component parameters (AddParameter): Name = "RoHSCompliant"; Value = "true"; VariantName = "[No Variations]"
Added Component: Designator=GND_2(KSTN-5010_V)
Add component. Clean all parameters for all variants
Add component (AddParameter): Name = "Colour"; Value = "Red"; VariantName = "[No Variations]"
Add component (AddParameter): Name = "Contact Material"; Value = "Bronze"; VariantName = "[No Variations]"
Add component (AddParameter): Name = "Contact Plating"; Value = "Silver"; VariantName = "[No Variations]"
Add component (AddParameter): Name = "DatasheetVersion"; Value = "Rev. F, 12/2013"; VariantName = "[No Variations]"
Add component (AddParameter): Name = "Height"; Value = "8.12 mm"; VariantName = "[No Variations]"
Add component (AddParameter): Name = "Mount"; Value = "Through Hole"; VariantName = "[No Variations]"
Add component (AddParameter): Name = "Mounting Technology"; Value = "Through Hole"; VariantName = "[No Variations]"
Add component (AddParameter): Name = "PackageDescription"; Value = "1-Pin Through Hole Device, Dia 3.17 mm"; VariantName = "[No Variations]"
Add component (AddParameter): Name = "Package Quantity"; Value = "100"; VariantName = "[No Variations]"
Add component (AddParameter): Name = "PackageReference"; Value = "5010"; VariantName = "[No Variations]"
Add component (AddParameter): Name = "Packaging"; Value = "Bulk"; VariantName = "[No Variations]"
Add component (AddParameter): Name = "Pins"; Value = "1"; VariantName = "[No Variations]"
Add component (AddParameter): Name = "REACH SVHC"; Value = "No SVHC"; VariantName = "[No Variations]"
Add component (AddParameter): Name = "RoHSCompliant"; Value = "true"; VariantName = "[No Variations]"
Added Component: Designator=GND_3(KSTN-5010_V)
Add component. Clean all parameters for all variants
Add component (AddParameter): Name = "Colour"; Value = "Red"; VariantName = "[No Variations]"
Add component (AddParameter): Name = "Contact Material"; Value = "Bronze"; VariantName = "[No Variations]"
Add component (AddParameter): Name = "Contact Plating"; Value = "Silver"; VariantName = "[No Variations]"
Add component (AddParameter): Name = "DatasheetVersion"; Value = "Rev. F, 12/2013"; VariantName = "[No Variations]"
Add component (AddParameter): Name = "Height"; Value = "8.12 mm"; VariantName = "[No Variations]"
Add component (AddParameter): Name = "Mount"; Value = "Through Hole"; VariantName = "[No Variations]"
Add component (AddParameter): Name = "Mounting Technology"; Value = "Through Hole"; VariantName = "[No Variations]"
Add component (AddParameter): Name = "PackageDescription"; Value = "1-Pin Through Hole Device, Dia 3.17 mm"; VariantName = "[No Variations]"
Add component (AddParameter): Name = "Package Quantity"; Value = "100"; VariantName = "[No Variations]"
Add component (AddParameter): Name = "PackageReference"; Value = "5010"; VariantName = "[No Variations]"
Add component (AddParameter): Name = "Packaging"; Value = "Bulk"; VariantName = "[No Variations]"
Add component (AddParameter): Name = "Pins"; Value = "1"; VariantName = "[No Variations]"
Add component (AddParameter): Name = "REACH SVHC"; Value = "No SVHC"; VariantName = "[No Variations]"
Add component (AddParameter): Name = "RoHSCompliant"; Value = "true"; VariantName = "[No Variations]"
Added Component: Designator=GND_4_RC1(KSTN-5010_V)
Add component. Clean all parameters for all variants
Add component (AddParameter): Name = "Colour"; Value = "Red"; VariantName = "[No Variations]"
Add component (AddParameter): Name = "Contact Material"; Value = "Bronze"; VariantName = "[No Variations]"
Add component (AddParameter): Name = "Contact Plating"; Value = "Silver"; VariantName = "[No Variations]"
Add component (AddParameter): Name = "DatasheetVersion"; Value = "Rev. F, 12/2013"; VariantName = "[No Variations]"
Add component (AddParameter): Name = "Height"; Value = "8.12 mm"; VariantName = "[No Variations]"
Add component (AddParameter): Name = "Mount"; Value = "Through Hole"; VariantName = "[No Variations]"
Add component (AddParameter): Name = "Mounting Technology"; Value = "Through Hole"; VariantName = "[No Variations]"
Add component (AddParameter): Name = "PackageDescription"; Value = "1-Pin Through Hole Device, Dia 3.17 mm"; VariantName = "[No Variations]"
Add component (AddParameter): Name = "Package Quantity"; Value = "100"; VariantName = "[No Variations]"
Add component (AddParameter): Name = "PackageReference"; Value = "5010"; VariantName = "[No Variations]"
Add component (AddParameter): Name = "Packaging"; Value = "Bulk"; VariantName = "[No Variations]"
Add component (AddParameter): Name = "Pins"; Value = "1"; VariantName = "[No Variations]"
Add component (AddParameter): Name = "REACH SVHC"; Value = "No SVHC"; VariantName = "[No Variations]"
Add component (AddParameter): Name = "RoHSCompliant"; Value = "true"; VariantName = "[No Variations]"
Added Component: Designator=GND_4_RC2(KSTN-5010_V)
Add component. Clean all parameters for all variants
Add component (AddParameter): Name = "Colour"; Value = "Red"; VariantName = "[No Variations]"
Add component (AddParameter): Name = "Contact Material"; Value = "Bronze"; VariantName = "[No Variations]"
Add component (AddParameter): Name = "Contact Plating"; Value = "Silver"; VariantName = "[No Variations]"
Add component (AddParameter): Name = "DatasheetVersion"; Value = "Rev. F, 12/2013"; VariantName = "[No Variations]"
Add component (AddParameter): Name = "Height"; Value = "8.12 mm"; VariantName = "[No Variations]"
Add component (AddParameter): Name = "Mount"; Value = "Through Hole"; VariantName = "[No Variations]"
Add component (AddParameter): Name = "Mounting Technology"; Value = "Through Hole"; VariantName = "[No Variations]"
Add component (AddParameter): Name = "PackageDescription"; Value = "1-Pin Through Hole Device, Dia 3.17 mm"; VariantName = "[No Variations]"
Add component (AddParameter): Name = "Package Quantity"; Value = "100"; VariantName = "[No Variations]"
Add component (AddParameter): Name = "PackageReference"; Value = "5010"; VariantName = "[No Variations]"
Add component (AddParameter): Name = "Packaging"; Value = "Bulk"; VariantName = "[No Variations]"
Add component (AddParameter): Name = "Pins"; Value = "1"; VariantName = "[No Variations]"
Add component (AddParameter): Name = "REACH SVHC"; Value = "No SVHC"; VariantName = "[No Variations]"
Add component (AddParameter): Name = "RoHSCompliant"; Value = "true"; VariantName = "[No Variations]"
Added Component: Designator=GND_4_RC3(KSTN-5010_V)
Add component. Clean all parameters for all variants
Add component (AddParameter): Name = "Colour"; Value = "Red"; VariantName = "[No Variations]"
Add component (AddParameter): Name = "Contact Material"; Value = "Bronze"; VariantName = "[No Variations]"
Add component (AddParameter): Name = "Contact Plating"; Value = "Silver"; VariantName = "[No Variations]"
Add component (AddParameter): Name = "DatasheetVersion"; Value = "Rev. F, 12/2013"; VariantName = "[No Variations]"
Add component (AddParameter): Name = "Height"; Value = "8.12 mm"; VariantName = "[No Variations]"
Add component (AddParameter): Name = "Mount"; Value = "Through Hole"; VariantName = "[No Variations]"
Add component (AddParameter): Name = "Mounting Technology"; Value = "Through Hole"; VariantName = "[No Variations]"
Add component (AddParameter): Name = "PackageDescription"; Value = "1-Pin Through Hole Device, Dia 3.17 mm"; VariantName = "[No Variations]"
Add component (AddParameter): Name = "Package Quantity"; Value = "100"; VariantName = "[No Variations]"
Add component (AddParameter): Name = "PackageReference"; Value = "5010"; VariantName = "[No Variations]"
Add component (AddParameter): Name = "Packaging"; Value = "Bulk"; VariantName = "[No Variations]"
Add component (AddParameter): Name = "Pins"; Value = "1"; VariantName = "[No Variations]"
Add component (AddParameter): Name = "REACH SVHC"; Value = "No SVHC"; VariantName = "[No Variations]"
Add component (AddParameter): Name = "RoHSCompliant"; Value = "true"; VariantName = "[No Variations]"
Added Component: Designator=GND_4_RC4(KSTN-5010_V)
Add component. Clean all parameters for all variants
Add component (AddParameter): Name = "Colour"; Value = "Red"; VariantName = "[No Variations]"
Add component (AddParameter): Name = "Contact Material"; Value = "Bronze"; VariantName = "[No Variations]"
Add component (AddParameter): Name = "Contact Plating"; Value = "Silver"; VariantName = "[No Variations]"
Add component (AddParameter): Name = "DatasheetVersion"; Value = "Rev. F, 12/2013"; VariantName = "[No Variations]"
Add component (AddParameter): Name = "Height"; Value = "8.12 mm"; VariantName = "[No Variations]"
Add component (AddParameter): Name = "Mount"; Value = "Through Hole"; VariantName = "[No Variations]"
Add component (AddParameter): Name = "Mounting Technology"; Value = "Through Hole"; VariantName = "[No Variations]"
Add component (AddParameter): Name = "PackageDescription"; Value = "1-Pin Through Hole Device, Dia 3.17 mm"; VariantName = "[No Variations]"
Add component (AddParameter): Name = "Package Quantity"; Value = "100"; VariantName = "[No Variations]"
Add component (AddParameter): Name = "PackageReference"; Value = "5010"; VariantName = "[No Variations]"
Add component (AddParameter): Name = "Packaging"; Value = "Bulk"; VariantName = "[No Variations]"
Add component (AddParameter): Name = "Pins"; Value = "1"; VariantName = "[No Variations]"
Add component (AddParameter): Name = "REACH SVHC"; Value = "No SVHC"; VariantName = "[No Variations]"
Add component (AddParameter): Name = "RoHSCompliant"; Value = "true"; VariantName = "[No Variations]"
Added Pin To Net: NetName=GND Pin=GND_2-1
Added Pin To Net: NetName=GND Pin=GND_3-1
Added Pin To Net: NetName=GND Pin=GND_4_RC1-1
Added Pin To Net: NetName=GND Pin=GND_4_RC2-1
Added Pin To Net: NetName=GND Pin=GND_4_RC3-1
Added Pin To Net: NetName=GND Pin=GND_4_RC4-1
Added Member To Class: ClassName=CPA Member=Component GND_2 5010
Added Member To Class: ClassName=CR Member=Component GND_3 5010
Added Member To Class: ClassName=RC1 Member=Component GND_4_RC1 (GND_4) 5010
Added Member To Class: ClassName=RC2 Member=Component GND_4_RC2 (GND_4) 5010
Added Member To Class: ClassName=RC3 Member=Component GND_4_RC3 (GND_4) 5010
Added Member To Class: ClassName=RC4 Member=Component GND_4_RC4 (GND_4) 5010
